1528376380842	geckodriver	INFO	geckodriver 0.20.1
1528376380850	geckodriver	INFO	Listening on 127.0.0.1:11904
1528376383882	mozrunner::runner	INFO	Running command: "C:\\Program Files\\Mozilla Firefox\\firefox.exe" "-marionette" "-profile" "C:\\Users\\hansung\\AppData\\Local\\Temp\\rust_mozprofile.jxxIYlprWSjd"
Unable to read VR Path Registry from C:\Users\hansung\AppData\Local\openvr\openvrpaths.vrpath
Unable to read VR Path Registry from C:\Users\hansung\AppData\Local\openvr\openvrpaths.vrpath
Unable to read VR Path Registry from C:\Users\hansung\AppData\Local\openvr\openvrpaths.vrpath
Unable to read VR Path Registry from C:\Users\hansung\AppData\Local\openvr\openvrpaths.vrpath
Unable to read VR Path Registry from C:\Users\hansung\AppData\Local\openvr\openvrpaths.vrpath
1528376385561	Marionette	INFO	Listening on port 11912
1528376385893	Marionette	WARN	TLS certificate errors will be ignored for this session
JavaScript error: http://student.gs.hs.kr/student/loginCommit.do, line 150: ReferenceError: validateRequired is not defined
[Child 11468, Chrome_ChildThread] WARNING: pipe error: 109: file z:/build/build/src/ipc/chromium/src/chrome/common/ipc_channel_win.cc, line 346
[Child 11468,[Child 21080, Chrome_ChildThread] WARNING: pipe error: 109: file z:/build/build/src/ipc/chromium/src/chrome/common/ipc_channel_win.cc, line 346
[Child 21080, Chrome[Parent 19896, Gecko_IOThread] WARNING: pipe error: 109: file z:/build/build/src/ipc/chromium/src/chrome/common/ipc_channel_win.cc, line 346
*** UTM:SVC TimerManager:registerTimer called after profile-before-change notification. Ignoring timer registration for id: telemetry_modules_ping

###!!! [Child][MessageChannel::SendAndWait] Error: Channel error: cannot send/recv

1528376426274	geckodriver	INFO	geckodriver 0.20.1
1528376426281	geckodriver	INFO	Listening on 127.0.0.1:11964
1528376429305	mozrunner::runner	INFO	Running command: "C:\\Program Files\\Mozilla Firefox\\firefox.exe" "-marionette" "-profile" "C:\\Users\\hansung\\AppData\\Local\\Temp\\rust_mozprofile.3qgJ3ygwsDgU"
Unable to read VR Path Registry from C:\Users\hansung\AppData\Local\openvr\openvrpaths.vrpath
Unable to read VR Path Registry from C:\Users\hansung\AppData\Local\openvr\openvrpaths.vrpath
Unable to read VR Path Registry from C:\Users\hansung\AppData\Local\openvr\openvrpaths.vrpath
Unable to read VR Path Registry from C:\Users\hansung\AppData\Local\openvr\openvrpaths.vrpath
Unable to read VR Path Registry from C:\Users\hansung\AppData\Local\openvr\openvrpaths.vrpath
1528376430892	Marionette	INFO	Listening on port 11973
1528376431315	Marionette	WARN	TLS certificate errors will be ignored for this session
[Parent 21780, Gecko_IOThread] WARNING: pipe error: 109: file z:/build/build/src/ipc/chromium/src/chrome/common/ipc_channel_win.cc, line 346
[Parent 21780, Gecko_IOThread] WARNING: pipe error: 109: file z:/build/build/src/ipc/chromium/src/chrome/common/ipc_channel_win.cc, line 346
[Child 14756, Chrome_ChildThread] WARNING: pipe error: 109: file z:/build/build/src/ipc/chromium/src/chrome/common/ipc_channel_win.cc, line 346
[Child 14756, Chrome_ChildThread] WARNING: pipe error: 109: file[Child 19796, Chrome_ChildThread] WARNING: pipe error: 109: file z:/build/build/src/ipc/chromium/src/chrome/common/ipc_channel_win.cc, line 346
[Child 19796, Chrome_ChildThread] WARNING: *** UTM:SVC TimerManager:registerTimer called after profile-before-change notification. Ignoring timer registration for id: telemetry_modules_ping

###!!! [Child][MessageChannel::SendAndWait] Error: Channel error: cannot send/recv

